0 info it worked if it ends with ok
1 verbose cli [ '/usr/local/bin/node', '/usr/local/bin/npm', 'publish' ]
2 info using npm@3.10.7
3 info using node@v4.5.0
4 verbose publish [ '.' ]
5 silly cache add args [ '.', null ]
6 verbose cache add spec .
7 silly cache add parsed spec Result {
7 silly cache add   raw: '.',
7 silly cache add   scope: null,
7 silly cache add   escapedName: null,
7 silly cache add   name: null,
7 silly cache add   rawSpec: '.',
7 silly cache add   spec: '/Users/anas/Documents/FontToSwift',
7 silly cache add   type: 'directory' }
8 verbose addLocalDirectory /Users/anas/.npm/font-to-swift/0.1.0/package.tgz not in flight; packing
9 verbose correctMkdir /Users/anas/.npm correctMkdir not in flight; initializing
10 info lifecycle font-to-swift@0.1.0~prepublish: font-to-swift@0.1.0
11 silly lifecycle font-to-swift@0.1.0~prepublish: no script for prepublish, continuing
12 verbose tar pack [ '/Users/anas/.npm/font-to-swift/0.1.0/package.tgz',
12 verbose tar pack   '/Users/anas/Documents/FontToSwift' ]
13 verbose tarball /Users/anas/.npm/font-to-swift/0.1.0/package.tgz
14 verbose folder /Users/anas/Documents/FontToSwift
15 verbose addLocalTarball adding from inside cache /Users/anas/.npm/font-to-swift/0.1.0/package.tgz
16 verbose correctMkdir /Users/anas/.npm correctMkdir not in flight; initializing
17 silly cache afterAdd font-to-swift@0.1.0
18 verbose afterAdd /Users/anas/.npm/font-to-swift/0.1.0/package/package.json not in flight; writing
19 verbose correctMkdir /Users/anas/.npm correctMkdir not in flight; initializing
20 verbose afterAdd /Users/anas/.npm/font-to-swift/0.1.0/package/package.json written
21 silly publish { name: 'font-to-swift',
21 silly publish   version: '0.1.0',
21 silly publish   keywords: [ 'swift', 'font', 'ios' ],
21 silly publish   description: 'Generate embeddable Swift code from a font file.',
21 silly publish   main: 'bin/font-to-swift.js',
21 silly publish   bin: { fontToSwift: 'bin/font-to-swift.js' },
21 silly publish   scripts:
21 silly publish    { start: 'node bin/font-to-swift.js',
21 silly publish      testMulti: 'npm start \'./test/fonts/\'',
21 silly publish      test: 'npm start \'./test/fonts/GothamHTF-Book.otf\'' },
21 silly publish   preferGlobal: 'true',
21 silly publish   author: { name: 'Anas Halbawi' },
21 silly publish   license: 'MIT',
21 silly publish   dependencies:
21 silly publish    { minimist: '^1.2.0',
21 silly publish      'opentype.js': '^0.6.6',
21 silly publish      promise: '^7.1.1',
21 silly publish      request: '^2.76.0',
21 silly publish      rework: '^1.0.1',
21 silly publish      unzip2: '^0.2.5' },
21 silly publish   readme: '# Font-to-Swift\n\nA Node.js module to generate files necessary to get you up and running with custom fonts in your existing Swift Xcode project. You also have the option of generating an enumeration of the character mapping; this is particulary useful when it comes to using icon font files (eg. FontAwesome), where each unicode character represents an icon. Fancy a Google font (or any other web-hosted font file for that matter)? Pass the link to Font-To-Swift and it will automatically download the file, unzip it if necessary and generate the files.\n\n*.ttf and .otf are currently supported.*\n\n**Note:** This module is still under development. \n\n\n# Installation\n\n##@ 1- Install Node.js\n\nMake sure you have Node.js installed on your Mac.\n\nTo check if you already do, fire up your terminal and run:\n```\nnode -v\n```\n\nYou should get something like "v4.5.0"\n\n\n### 2- Install Font-to-Swift module (globally!)\n\nTo make use of this module, install it globally using npm:\n\n```\nnpm install -g font-to-swift\n```\n\nIf you get an EACCES error, you should [fix your permissions](https://docs.npmjs.com/getting-started/fixing-npm-permissions). You could also try using sudo, but this is discourage:\n```\nsudo npm install -g font-to-swift\n```\n\n# Usage\nTo use this module:\n```\nfontToSwift [options] directory of font files | font file name | downloadable link to font [output directory]\n```\n\n#### Options\n**-e** Generates an enumeration of all the characters in the font file.\n\n\n###Example:\n```\nfontToSwift open-sans.ttf .\n```\n\nGenerates the following files:\n* OpenSans.swift\n* fonts.plist\n\nwhere fonts.plist contains\n```\n<key>UIAppFonts</key>\n<array>\n\t<string>open-sans.ttf</string>\n<array>\n```\n\n# To Do\n- [ ] Embed files directly into an Xcode project\n\n# License and Copyright\nCopyright 2016 Anas Halbawi. All rights reserved.\n\n[MIT License](http://en.wikipedia.org/wiki/MIT_License)',
21 silly publish   readmeFilename: 'README.md',
21 silly publish   gitHead: '1d03c24c604bf3ea0e7cb7c75cfc5b4255ea891e',
21 silly publish   _id: 'font-to-swift@0.1.0',
21 silly publish   _shasum: '08655826dadc30b62fa8310afb0f4fc223eb2c75',
21 silly publish   _from: '.' }
22 verbose getPublishConfig undefined
23 silly mapToRegistry name font-to-swift
24 silly mapToRegistry using default registry
25 silly mapToRegistry registry https://registry.npmjs.org/
26 silly mapToRegistry data Result {
26 silly mapToRegistry   raw: 'font-to-swift',
26 silly mapToRegistry   scope: null,
26 silly mapToRegistry   escapedName: 'font-to-swift',
26 silly mapToRegistry   name: 'font-to-swift',
26 silly mapToRegistry   rawSpec: '',
26 silly mapToRegistry   spec: 'latest',
26 silly mapToRegistry   type: 'tag' }
27 silly mapToRegistry uri https://registry.npmjs.org/font-to-swift
28 verbose publish registryBase https://registry.npmjs.org/
29 silly publish uploading /Users/anas/.npm/font-to-swift/0.1.0/package.tgz
30 verbose request uri https://registry.npmjs.org/font-to-swift
31 verbose request sending authorization for write operation
32 info attempt registry request try #1 at 12:58:45 PM
33 verbose request using bearer token for auth
34 verbose request id 889b4b1e1ba928e4
35 http request PUT https://registry.npmjs.org/font-to-swift
36 http 403 https://registry.npmjs.org/font-to-swift
37 verbose headers { 'content-type': 'application/json',
37 verbose headers   'cache-control': 'max-age=300',
37 verbose headers   'content-length': '95',
37 verbose headers   'accept-ranges': 'bytes',
37 verbose headers   date: 'Sun, 30 Oct 2016 08:58:46 GMT',
37 verbose headers   via: '1.1 varnish',
37 verbose headers   connection: 'keep-alive',
37 verbose headers   'x-served-by': 'cache-fjr7922-FJR',
37 verbose headers   'x-cache': 'MISS',
37 verbose headers   'x-cache-hits': '0',
37 verbose headers   'x-timer': 'S1477817925.272489,VS0,VE1487',
37 verbose headers   vary: 'Accept-Encoding' }
38 verbose request invalidating /Users/anas/.npm/registry.npmjs.org/font-to-swift on PUT
39 error publish Failed PUT 403
40 verbose stack Error: "You cannot publish over the previously published version 0.1.0." : font-to-swift
40 verbose stack     at makeError (/usr/local/lib/node_modules/npm/node_modules/npm-registry-client/lib/request.js:264:12)
40 verbose stack     at CachingRegistryClient.<anonymous> (/usr/local/lib/node_modules/npm/node_modules/npm-registry-client/lib/request.js:252:14)
40 verbose stack     at Request._callback (/usr/local/lib/node_modules/npm/node_modules/npm-registry-client/lib/request.js:172:14)
40 verbose stack     at Request.self.callback (/usr/local/lib/node_modules/npm/node_modules/request/request.js:187:22)
40 verbose stack     at emitTwo (events.js:87:13)
40 verbose stack     at Request.emit (events.js:172:7)
40 verbose stack     at Request.<anonymous> (/usr/local/lib/node_modules/npm/node_modules/request/request.js:1044:10)
40 verbose stack     at emitOne (events.js:77:13)
40 verbose stack     at Request.emit (events.js:169:7)
40 verbose stack     at IncomingMessage.<anonymous> (/usr/local/lib/node_modules/npm/node_modules/request/request.js:965:12)
41 verbose statusCode 403
42 verbose pkgid font-to-swift
43 verbose cwd /Users/anas/Documents/FontToSwift
44 error Darwin 16.0.0
45 error argv "/usr/local/bin/node" "/usr/local/bin/npm" "publish"
46 error node v4.5.0
47 error npm  v3.10.7
48 error code E403
49 error "You cannot publish over the previously published version 0.1.0." : font-to-swift
50 error If you need help, you may report this error at:
50 error     <https://github.com/npm/npm/issues>
51 verbose exit [ 1, true ]
